{"/Users/rafaelcavalcante/swe/8SOAT/tech-challenge-fase-4-products/src/main.ts": {"path":"/Users/rafaelcavalcante/swe/8SOAT/tech-challenge-fase-4-products/src/main.ts","statementMap":{"0":{"start":{"line":1,"column":0},"end":{"line":1,"column":31}},"1":{"start":{"line":2,"column":0},"end":{"line":2,"column":72}},"2":{"start":{"line":3,"column":0},"end":{"line":3,"column":78}},"3":{"start":{"line":4,"column":0},"end":{"line":4,"column":null}},"4":{"start":{"line":6,"column":13},"end":{"line":6,"column":null}},"5":{"start":{"line":8,"column":0},"end":{"line":15,"column":null}},"6":{"start":{"line":11,"column":4},"end":{"line":11,"column":null}},"7":{"start":{"line":14,"column":4},"end":{"line":14,"column":null}}},"fnMap":{"0":{"name":"(anonymous_0)","decl":{"start":{"line":10,"column":8},"end":{"line":10,"column":11}},"loc":{"start":{"line":10,"column":13},"end":{"line":12,"column":3}}},"1":{"name":"(anonymous_1)","decl":{"start":{"line":13,"column":9},"end":{"line":13,"column":10}},"loc":{"start":{"line":13,"column":19},"end":{"line":15,"column":3}}}},"branchMap":{"0":{"loc":{"start":{"line":11,"column":20},"end":{"line":11,"column":44}},"type":"binary-expr","locations":[{"start":{"line":11,"column":20},"end":{"line":11,"column":36}},{"start":{"line":11,"column":40},"end":{"line":11,"column":44}}]}},"s":{"0":0,"1":0,"2":0,"3":0,"4":0,"5":0,"6":0,"7":0},"f":{"0":0,"1":0},"b":{"0":[0,0]}}
,"/Users/rafaelcavalcante/swe/8SOAT/tech-challenge-fase-4-products/src/application/usecases/product/create-product.ts": {"path":"/Users/rafaelcavalcante/swe/8SOAT/tech-challenge-fase-4-products/src/application/usecases/product/create-product.ts","statementMap":{"0":{"start":{"line":2,"column":0},"end":{"line":2,"column":43}},"1":{"start":{"line":17,"column":31},"end":{"line":17,"column":67}},"2":{"start":{"line":20,"column":51},"end":{"line":20,"column":57}},"3":{"start":{"line":21,"column":20},"end":{"line":21,"column":70}},"4":{"start":{"line":22,"column":4},"end":{"line":22,"column":null}},"5":{"start":{"line":23,"column":4},"end":{"line":23,"column":null}},"6":{"start":{"line":16,"column":0},"end":{"line":16,"column":13}}},"fnMap":{"0":{"name":"(anonymous_0)","decl":{"start":{"line":17,"column":2},"end":{"line":17,"column":31}},"loc":{"start":{"line":17,"column":67},"end":{"line":17,"column":71}}},"1":{"name":"(anonymous_1)","decl":{"start":{"line":19,"column":2},"end":{"line":19,"column":7}},"loc":{"start":{"line":19,"column":29},"end":{"line":24,"column":3}}}},"branchMap":{},"s":{"0":5,"1":3,"2":3,"3":3,"4":3,"5":2,"6":5},"f":{"0":3,"1":3},"b":{}}
,"/Users/rafaelcavalcante/swe/8SOAT/tech-challenge-fase-4-products/src/application/usecases/product/delete-product.ts": {"path":"/Users/rafaelcavalcante/swe/8SOAT/tech-challenge-fase-4-products/src/application/usecases/product/delete-product.ts","statementMap":{"0":{"start":{"line":2,"column":0},"end":{"line":2,"column":47}},"1":{"start":{"line":9,"column":31},"end":{"line":9,"column":67}},"2":{"start":{"line":12,"column":20},"end":{"line":12,"column":61}},"3":{"start":{"line":13,"column":4},"end":{"line":13,"column":null}},"4":{"start":{"line":13,"column":18},"end":{"line":13,"column":null}},"5":{"start":{"line":14,"column":4},"end":{"line":14,"column":null}},"6":{"start":{"line":8,"column":0},"end":{"line":8,"column":13}}},"fnMap":{"0":{"name":"(anonymous_0)","decl":{"start":{"line":9,"column":2},"end":{"line":9,"column":31}},"loc":{"start":{"line":9,"column":67},"end":{"line":9,"column":71}}},"1":{"name":"(anonymous_1)","decl":{"start":{"line":11,"column":2},"end":{"line":11,"column":7}},"loc":{"start":{"line":11,"column":26},"end":{"line":15,"column":3}}}},"branchMap":{"0":{"loc":{"start":{"line":13,"column":4},"end":{"line":13,"column":null}},"type":"if","locations":[{"start":{"line":13,"column":4},"end":{"line":13,"column":null}}]}},"s":{"0":5,"1":3,"2":3,"3":3,"4":1,"5":2,"6":5},"f":{"0":3,"1":3},"b":{"0":[1]}}
,"/Users/rafaelcavalcante/swe/8SOAT/tech-challenge-fase-4-products/src/application/usecases/product/find-product.ts": {"path":"/Users/rafaelcavalcante/swe/8SOAT/tech-challenge-fase-4-products/src/application/usecases/product/find-product.ts","statementMap":{"0":{"start":{"line":3,"column":0},"end":{"line":3,"column":47}},"1":{"start":{"line":14,"column":31},"end":{"line":14,"column":67}},"2":{"start":{"line":17,"column":20},"end":{"line":17,"column":74}},"3":{"start":{"line":18,"column":4},"end":{"line":20,"column":5}},"4":{"start":{"line":19,"column":6},"end":{"line":19,"column":null}},"5":{"start":{"line":21,"column":4},"end":{"line":21,"column":null}},"6":{"start":{"line":13,"column":0},"end":{"line":13,"column":13}}},"fnMap":{"0":{"name":"(anonymous_0)","decl":{"start":{"line":14,"column":2},"end":{"line":14,"column":31}},"loc":{"start":{"line":14,"column":67},"end":{"line":14,"column":71}}},"1":{"name":"(anonymous_1)","decl":{"start":{"line":16,"column":2},"end":{"line":16,"column":7}},"loc":{"start":{"line":16,"column":28},"end":{"line":22,"column":3}}}},"branchMap":{"0":{"loc":{"start":{"line":18,"column":4},"end":{"line":20,"column":5}},"type":"if","locations":[{"start":{"line":18,"column":4},"end":{"line":20,"column":5}}]}},"s":{"0":5,"1":4,"2":4,"3":3,"4":1,"5":2,"6":5},"f":{"0":4,"1":4},"b":{"0":[1]}}
,"/Users/rafaelcavalcante/swe/8SOAT/tech-challenge-fase-4-products/src/application/usecases/product/load-products-by-category.ts": {"path":"/Users/rafaelcavalcante/swe/8SOAT/tech-challenge-fase-4-products/src/application/usecases/product/load-products-by-category.ts","statementMap":{"0":{"start":{"line":10,"column":31},"end":{"line":10,"column":67}},"1":{"start":{"line":13,"column":4},"end":{"line":13,"column":null}},"2":{"start":{"line":9,"column":0},"end":{"line":9,"column":13}}},"fnMap":{"0":{"name":"(anonymous_0)","decl":{"start":{"line":10,"column":2},"end":{"line":10,"column":31}},"loc":{"start":{"line":10,"column":67},"end":{"line":10,"column":71}}},"1":{"name":"(anonymous_1)","decl":{"start":{"line":12,"column":2},"end":{"line":12,"column":7}},"loc":{"start":{"line":12,"column":41},"end":{"line":14,"column":3}}}},"branchMap":{},"s":{"0":4,"1":4,"2":5},"f":{"0":4,"1":4},"b":{}}
,"/Users/rafaelcavalcante/swe/8SOAT/tech-challenge-fase-4-products/src/application/usecases/product/update-product.ts": {"path":"/Users/rafaelcavalcante/swe/8SOAT/tech-challenge-fase-4-products/src/application/usecases/product/update-product.ts","statementMap":{"0":{"start":{"line":4,"column":0},"end":{"line":4,"column":47}},"1":{"start":{"line":18,"column":31},"end":{"line":18,"column":67}},"2":{"start":{"line":21,"column":62},"end":{"line":21,"column":67}},"3":{"start":{"line":22,"column":20},"end":{"line":22,"column":68}},"4":{"start":{"line":23,"column":4},"end":{"line":23,"column":null}},"5":{"start":{"line":23,"column":18},"end":{"line":23,"column":null}},"6":{"start":{"line":24,"column":4},"end":{"line":24,"column":null}},"7":{"start":{"line":24,"column":28},"end":{"line":24,"column":null}},"8":{"start":{"line":25,"column":4},"end":{"line":25,"column":null}},"9":{"start":{"line":25,"column":32},"end":{"line":25,"column":null}},"10":{"start":{"line":26,"column":4},"end":{"line":26,"column":null}},"11":{"start":{"line":26,"column":29},"end":{"line":26,"column":null}},"12":{"start":{"line":27,"column":4},"end":{"line":27,"column":null}},"13":{"start":{"line":27,"column":35},"end":{"line":27,"column":null}},"14":{"start":{"line":28,"column":4},"end":{"line":28,"column":null}},"15":{"start":{"line":29,"column":4},"end":{"line":29,"column":null}},"16":{"start":{"line":17,"column":0},"end":{"line":17,"column":13}}},"fnMap":{"0":{"name":"(anonymous_0)","decl":{"start":{"line":18,"column":2},"end":{"line":18,"column":31}},"loc":{"start":{"line":18,"column":67},"end":{"line":18,"column":71}}},"1":{"name":"(anonymous_1)","decl":{"start":{"line":20,"column":2},"end":{"line":20,"column":7}},"loc":{"start":{"line":20,"column":28},"end":{"line":30,"column":3}}}},"branchMap":{"0":{"loc":{"start":{"line":23,"column":4},"end":{"line":23,"column":null}},"type":"if","locations":[{"start":{"line":23,"column":4},"end":{"line":23,"column":null}}]},"1":{"loc":{"start":{"line":24,"column":4},"end":{"line":24,"column":null}},"type":"if","locations":[{"start":{"line":24,"column":4},"end":{"line":24,"column":null}}]},"2":{"loc":{"start":{"line":25,"column":4},"end":{"line":25,"column":null}},"type":"if","locations":[{"start":{"line":25,"column":4},"end":{"line":25,"column":null}}]},"3":{"loc":{"start":{"line":26,"column":4},"end":{"line":26,"column":null}},"type":"if","locations":[{"start":{"line":26,"column":4},"end":{"line":26,"column":null}}]},"4":{"loc":{"start":{"line":27,"column":4},"end":{"line":27,"column":null}},"type":"if","locations":[{"start":{"line":27,"column":4},"end":{"line":27,"column":null}}]}},"s":{"0":5,"1":10,"2":10,"3":10,"4":9,"5":1,"6":8,"7":5,"8":8,"9":5,"10":8,"11":5,"12":8,"13":5,"14":8,"15":7,"16":5},"f":{"0":10,"1":10},"b":{"0":[1],"1":[5],"2":[5],"3":[5],"4":[5]}}
,"/Users/rafaelcavalcante/swe/8SOAT/tech-challenge-fase-4-products/src/domain/entities/product.ts": {"path":"/Users/rafaelcavalcante/swe/8SOAT/tech-challenge-fase-4-products/src/domain/entities/product.ts","statementMap":{"0":{"start":{"line":1,"column":0},"end":{"line":1,"column":40}},"1":{"start":{"line":2,"column":0},"end":{"line":2,"column":46}},"2":{"start":{"line":7,"column":13},"end":{"line":7,"column":30}},"3":{"start":{"line":8,"column":12},"end":{"line":8,"column":24}},"4":{"start":{"line":9,"column":12},"end":{"line":9,"column":37}},"5":{"start":{"line":10,"column":12},"end":{"line":10,"column":24}},"6":{"start":{"line":11,"column":12},"end":{"line":11,"column":31}},"7":{"start":{"line":15,"column":22},"end":{"line":15,"column":34}},"8":{"start":{"line":16,"column":4},"end":{"line":16,"column":null}},"9":{"start":{"line":20,"column":4},"end":{"line":20,"column":null}},"10":{"start":{"line":23,"column":12},"end":{"line":25,"column":3}},"11":{"start":{"line":24,"column":4},"end":{"line":24,"column":null}},"12":{"start":{"line":27,"column":12},"end":{"line":27,"column":27}},"13":{"start":{"line":27,"column":18},"end":{"line":27,"column":27}},"14":{"start":{"line":29,"column":16},"end":{"line":29,"column":35}},"15":{"start":{"line":29,"column":22},"end":{"line":29,"column":35}},"16":{"start":{"line":31,"column":13},"end":{"line":31,"column":40}},"17":{"start":{"line":31,"column":19},"end":{"line":31,"column":40}},"18":{"start":{"line":33,"column":19},"end":{"line":33,"column":41}},"19":{"start":{"line":33,"column":25},"end":{"line":33,"column":41}},"20":{"start":{"line":35,"column":13},"end":{"line":37,"column":3}},"21":{"start":{"line":36,"column":4},"end":{"line":36,"column":null}},"22":{"start":{"line":39,"column":19},"end":{"line":41,"column":3}},"23":{"start":{"line":40,"column":4},"end":{"line":40,"column":null}},"24":{"start":{"line":43,"column":16},"end":{"line":45,"column":3}},"25":{"start":{"line":44,"column":4},"end":{"line":44,"column":null}},"26":{"start":{"line":48,"column":4},"end":{"line":54,"column":null}},"27":{"start":{"line":5,"column":0},"end":{"line":5,"column":13}}},"fnMap":{"0":{"name":"(anonymous_0)","decl":{"start":{"line":6,"column":2},"end":{"line":6,"column":null}},"loc":{"start":{"line":11,"column":31},"end":{"line":12,"column":6}}},"1":{"name":"(anonymous_1)","decl":{"start":{"line":14,"column":2},"end":{"line":14,"column":8}},"loc":{"start":{"line":14,"column":91},"end":{"line":17,"column":3}}},"2":{"name":"(anonymous_2)","decl":{"start":{"line":19,"column":2},"end":{"line":19,"column":8}},"loc":{"start":{"line":19,"column":111},"end":{"line":21,"column":3}}},"3":{"name":"(anonymous_3)","decl":{"start":{"line":23,"column":12},"end":{"line":23,"column":13}},"loc":{"start":{"line":23,"column":29},"end":{"line":25,"column":3}}},"4":{"name":"(anonymous_4)","decl":{"start":{"line":27,"column":12},"end":{"line":27,"column":15}},"loc":{"start":{"line":27,"column":18},"end":{"line":27,"column":27}}},"5":{"name":"(anonymous_5)","decl":{"start":{"line":29,"column":16},"end":{"line":29,"column":19}},"loc":{"start":{"line":29,"column":22},"end":{"line":29,"column":35}}},"6":{"name":"(anonymous_6)","decl":{"start":{"line":31,"column":13},"end":{"line":31,"column":16}},"loc":{"start":{"line":31,"column":19},"end":{"line":31,"column":40}}},"7":{"name":"(anonymous_7)","decl":{"start":{"line":33,"column":19},"end":{"line":33,"column":22}},"loc":{"start":{"line":33,"column":25},"end":{"line":33,"column":41}}},"8":{"name":"(anonymous_8)","decl":{"start":{"line":35,"column":13},"end":{"line":35,"column":14}},"loc":{"start":{"line":35,"column":31},"end":{"line":37,"column":3}}},"9":{"name":"(anonymous_9)","decl":{"start":{"line":39,"column":19},"end":{"line":39,"column":20}},"loc":{"start":{"line":39,"column":43},"end":{"line":41,"column":3}}},"10":{"name":"(anonymous_10)","decl":{"start":{"line":43,"column":16},"end":{"line":43,"column":17}},"loc":{"start":{"line":43,"column":46},"end":{"line":45,"column":3}}},"11":{"name":"(anonymous_11)","decl":{"start":{"line":47,"column":2},"end":{"line":47,"column":8}},"loc":{"start":{"line":47,"column":8},"end":{"line":55,"column":3}}}},"branchMap":{},"s":{"0":11,"1":11,"2":26,"3":26,"4":26,"5":26,"6":26,"7":21,"8":21,"9":5,"10":26,"11":6,"12":26,"13":17,"14":26,"15":20,"16":26,"17":26,"18":26,"19":15,"20":26,"21":6,"22":26,"23":6,"24":26,"25":6,"26":11,"27":11},"f":{"0":26,"1":21,"2":5,"3":6,"4":17,"5":20,"6":26,"7":15,"8":6,"9":6,"10":6,"11":11},"b":{}}
,"/Users/rafaelcavalcante/swe/8SOAT/tech-challenge-fase-4-products/src/domain/enums/error-codes.ts": {"path":"/Users/rafaelcavalcante/swe/8SOAT/tech-challenge-fase-4-products/src/domain/enums/error-codes.ts","statementMap":{"0":{"start":{"line":1,"column":0},"end":{"line":1,"column":null}},"1":{"start":{"line":2,"column":2},"end":{"line":2,"column":null}},"2":{"start":{"line":3,"column":2},"end":{"line":3,"column":null}},"3":{"start":{"line":4,"column":2},"end":{"line":4,"column":null}},"4":{"start":{"line":5,"column":2},"end":{"line":5,"column":null}},"5":{"start":{"line":6,"column":2},"end":{"line":6,"column":null}},"6":{"start":{"line":7,"column":2},"end":{"line":7,"column":null}},"7":{"start":{"line":8,"column":2},"end":{"line":8,"column":null}},"8":{"start":{"line":9,"column":2},"end":{"line":9,"column":null}},"9":{"start":{"line":10,"column":2},"end":{"line":10,"column":null}}},"fnMap":{"0":{"name":"(anonymous_0)","decl":{"start":{"line":1,"column":0},"end":{"line":1,"column":12}},"loc":{"start":{"line":1,"column":22},"end":{"line":11,"column":1}}}},"branchMap":{"0":{"loc":{"start":{"line":1,"column":12},"end":{"line":1,"column":null}},"type":"binary-expr","locations":[{"start":{"line":1,"column":12},"end":{"line":1,"column":22}},{"start":{"line":1,"column":22},"end":{"line":1,"column":null}}]}},"s":{"0":15,"1":15,"2":15,"3":15,"4":15,"5":15,"6":15,"7":15,"8":15,"9":15},"f":{"0":15},"b":{"0":[15,15]}}
,"/Users/rafaelcavalcante/swe/8SOAT/tech-challenge-fase-4-products/src/domain/enums/order-status.ts": {"path":"/Users/rafaelcavalcante/swe/8SOAT/tech-challenge-fase-4-products/src/domain/enums/order-status.ts","statementMap":{"0":{"start":{"line":1,"column":0},"end":{"line":1,"column":null}},"1":{"start":{"line":2,"column":2},"end":{"line":2,"column":null}},"2":{"start":{"line":3,"column":2},"end":{"line":3,"column":null}},"3":{"start":{"line":4,"column":2},"end":{"line":4,"column":null}},"4":{"start":{"line":5,"column":2},"end":{"line":5,"column":null}},"5":{"start":{"line":6,"column":2},"end":{"line":6,"column":null}},"6":{"start":{"line":7,"column":2},"end":{"line":7,"column":null}}},"fnMap":{"0":{"name":"(anonymous_0)","decl":{"start":{"line":1,"column":0},"end":{"line":1,"column":12}},"loc":{"start":{"line":1,"column":23},"end":{"line":8,"column":1}}}},"branchMap":{"0":{"loc":{"start":{"line":1,"column":12},"end":{"line":1,"column":null}},"type":"binary-expr","locations":[{"start":{"line":1,"column":12},"end":{"line":1,"column":23}},{"start":{"line":1,"column":23},"end":{"line":1,"column":null}}]}},"s":{"0":15,"1":15,"2":15,"3":15,"4":15,"5":15,"6":15},"f":{"0":15},"b":{"0":[15,15]}}
,"/Users/rafaelcavalcante/swe/8SOAT/tech-challenge-fase-4-products/src/domain/enums/payment-status.ts": {"path":"/Users/rafaelcavalcante/swe/8SOAT/tech-challenge-fase-4-products/src/domain/enums/payment-status.ts","statementMap":{"0":{"start":{"line":1,"column":0},"end":{"line":1,"column":null}},"1":{"start":{"line":2,"column":2},"end":{"line":2,"column":null}},"2":{"start":{"line":3,"column":2},"end":{"line":3,"column":null}},"3":{"start":{"line":4,"column":2},"end":{"line":4,"column":null}}},"fnMap":{"0":{"name":"(anonymous_0)","decl":{"start":{"line":1,"column":0},"end":{"line":1,"column":12}},"loc":{"start":{"line":1,"column":25},"end":{"line":5,"column":1}}}},"branchMap":{"0":{"loc":{"start":{"line":1,"column":12},"end":{"line":1,"column":null}},"type":"binary-expr","locations":[{"start":{"line":1,"column":12},"end":{"line":1,"column":25}},{"start":{"line":1,"column":25},"end":{"line":1,"column":null}}]}},"s":{"0":15,"1":15,"2":15,"3":15},"f":{"0":15},"b":{"0":[15,15]}}
,"/Users/rafaelcavalcante/swe/8SOAT/tech-challenge-fase-4-products/src/domain/enums/product-category.ts": {"path":"/Users/rafaelcavalcante/swe/8SOAT/tech-challenge-fase-4-products/src/domain/enums/product-category.ts","statementMap":{"0":{"start":{"line":1,"column":0},"end":{"line":1,"column":null}},"1":{"start":{"line":2,"column":2},"end":{"line":2,"column":null}},"2":{"start":{"line":3,"column":2},"end":{"line":3,"column":null}},"3":{"start":{"line":4,"column":2},"end":{"line":4,"column":null}},"4":{"start":{"line":5,"column":2},"end":{"line":5,"column":null}}},"fnMap":{"0":{"name":"(anonymous_0)","decl":{"start":{"line":1,"column":0},"end":{"line":1,"column":12}},"loc":{"start":{"line":1,"column":27},"end":{"line":6,"column":1}}}},"branchMap":{"0":{"loc":{"start":{"line":1,"column":12},"end":{"line":1,"column":null}},"type":"binary-expr","locations":[{"start":{"line":1,"column":12},"end":{"line":1,"column":27}},{"start":{"line":1,"column":27},"end":{"line":1,"column":null}}]}},"s":{"0":15,"1":15,"2":15,"3":15,"4":15},"f":{"0":15},"b":{"0":[15,15]}}
,"/Users/rafaelcavalcante/swe/8SOAT/tech-challenge-fase-4-products/src/domain/errors/conflict-error.ts": {"path":"/Users/rafaelcavalcante/swe/8SOAT/tech-challenge-fase-4-products/src/domain/errors/conflict-error.ts","statementMap":{"0":{"start":{"line":1,"column":0},"end":{"line":1,"column":43}},"1":{"start":{"line":7,"column":4},"end":{"line":7,"column":null}},"2":{"start":{"line":8,"column":4},"end":{"line":8,"column":null}},"3":{"start":{"line":9,"column":4},"end":{"line":9,"column":null}},"4":{"start":{"line":3,"column":0},"end":{"line":3,"column":13}}},"fnMap":{"0":{"name":"(anonymous_0)","decl":{"start":{"line":6,"column":2},"end":{"line":6,"column":14}},"loc":{"start":{"line":6,"column":29},"end":{"line":10,"column":3}}}},"branchMap":{},"s":{"0":11,"1":1,"2":1,"3":1,"4":11},"f":{"0":1},"b":{}}
,"/Users/rafaelcavalcante/swe/8SOAT/tech-challenge-fase-4-products/src/domain/errors/domain-error.ts": {"path":"/Users/rafaelcavalcante/swe/8SOAT/tech-challenge-fase-4-products/src/domain/errors/domain-error.ts","statementMap":{"0":{"start":{"line":1,"column":0},"end":{"line":1,"column":43}},"1":{"start":{"line":7,"column":4},"end":{"line":7,"column":null}},"2":{"start":{"line":8,"column":4},"end":{"line":8,"column":null}},"3":{"start":{"line":9,"column":4},"end":{"line":9,"column":null}},"4":{"start":{"line":3,"column":0},"end":{"line":3,"column":13}}},"fnMap":{"0":{"name":"(anonymous_0)","decl":{"start":{"line":6,"column":2},"end":{"line":6,"column":14}},"loc":{"start":{"line":6,"column":29},"end":{"line":10,"column":3}}}},"branchMap":{},"s":{"0":11,"1":1,"2":1,"3":1,"4":11},"f":{"0":1},"b":{}}
,"/Users/rafaelcavalcante/swe/8SOAT/tech-challenge-fase-4-products/src/domain/errors/external-api-error.ts": {"path":"/Users/rafaelcavalcante/swe/8SOAT/tech-challenge-fase-4-products/src/domain/errors/external-api-error.ts","statementMap":{"0":{"start":{"line":1,"column":0},"end":{"line":1,"column":43}},"1":{"start":{"line":10,"column":4},"end":{"line":10,"column":null}},"2":{"start":{"line":11,"column":4},"end":{"line":11,"column":null}},"3":{"start":{"line":12,"column":4},"end":{"line":12,"column":null}},"4":{"start":{"line":13,"column":4},"end":{"line":13,"column":null}},"5":{"start":{"line":14,"column":4},"end":{"line":14,"column":null}},"6":{"start":{"line":15,"column":4},"end":{"line":15,"column":null}},"7":{"start":{"line":3,"column":0},"end":{"line":3,"column":13}}},"fnMap":{"0":{"name":"(anonymous_0)","decl":{"start":{"line":9,"column":2},"end":{"line":9,"column":14}},"loc":{"start":{"line":9,"column":79},"end":{"line":16,"column":3}}}},"branchMap":{},"s":{"0":11,"1":1,"2":1,"3":1,"4":1,"5":1,"6":1,"7":11},"f":{"0":1},"b":{}}
,"/Users/rafaelcavalcante/swe/8SOAT/tech-challenge-fase-4-products/src/domain/errors/invalid-param-error.ts": {"path":"/Users/rafaelcavalcante/swe/8SOAT/tech-challenge-fase-4-products/src/domain/errors/invalid-param-error.ts","statementMap":{"0":{"start":{"line":1,"column":0},"end":{"line":1,"column":43}},"1":{"start":{"line":7,"column":4},"end":{"line":7,"column":null}},"2":{"start":{"line":8,"column":4},"end":{"line":8,"column":null}},"3":{"start":{"line":9,"column":4},"end":{"line":9,"column":null}},"4":{"start":{"line":3,"column":0},"end":{"line":3,"column":13}}},"fnMap":{"0":{"name":"(anonymous_0)","decl":{"start":{"line":6,"column":2},"end":{"line":6,"column":14}},"loc":{"start":{"line":6,"column":31},"end":{"line":10,"column":3}}}},"branchMap":{},"s":{"0":15,"1":6,"2":6,"3":6,"4":15},"f":{"0":6},"b":{}}
,"/Users/rafaelcavalcante/swe/8SOAT/tech-challenge-fase-4-products/src/domain/errors/not-found-error.ts": {"path":"/Users/rafaelcavalcante/swe/8SOAT/tech-challenge-fase-4-products/src/domain/errors/not-found-error.ts","statementMap":{"0":{"start":{"line":1,"column":0},"end":{"line":1,"column":43}},"1":{"start":{"line":7,"column":4},"end":{"line":7,"column":null}},"2":{"start":{"line":8,"column":4},"end":{"line":8,"column":null}},"3":{"start":{"line":9,"column":4},"end":{"line":9,"column":null}},"4":{"start":{"line":3,"column":0},"end":{"line":3,"column":13}}},"fnMap":{"0":{"name":"(anonymous_0)","decl":{"start":{"line":6,"column":2},"end":{"line":6,"column":14}},"loc":{"start":{"line":6,"column":29},"end":{"line":10,"column":3}}}},"branchMap":{},"s":{"0":11,"1":5,"2":5,"3":5,"4":11},"f":{"0":5},"b":{}}
,"/Users/rafaelcavalcante/swe/8SOAT/tech-challenge-fase-4-products/src/domain/value-objects/price.ts": {"path":"/Users/rafaelcavalcante/swe/8SOAT/tech-challenge-fase-4-products/src/domain/value-objects/price.ts","statementMap":{"0":{"start":{"line":1,"column":0},"end":{"line":1,"column":65}},"1":{"start":{"line":4,"column":31},"end":{"line":4,"column":44}},"2":{"start":{"line":5,"column":4},"end":{"line":7,"column":5}},"3":{"start":{"line":6,"column":6},"end":{"line":6,"column":null}},"4":{"start":{"line":11,"column":4},"end":{"line":11,"column":null}},"5":{"start":{"line":15,"column":4},"end":{"line":17,"column":5}},"6":{"start":{"line":16,"column":6},"end":{"line":16,"column":null}},"7":{"start":{"line":18,"column":28},"end":{"line":18,"column":62}},"8":{"start":{"line":19,"column":4},"end":{"line":19,"column":null}},"9":{"start":{"line":3,"column":0},"end":{"line":3,"column":13}}},"fnMap":{"0":{"name":"(anonymous_0)","decl":{"start":{"line":4,"column":2},"end":{"line":4,"column":31}},"loc":{"start":{"line":4,"column":44},"end":{"line":8,"column":3}}},"1":{"name":"(anonymous_1)","decl":{"start":{"line":10,"column":2},"end":{"line":10,"column":10}},"loc":{"start":{"line":10,"column":10},"end":{"line":12,"column":3}}},"2":{"name":"(anonymous_2)","decl":{"start":{"line":14,"column":2},"end":{"line":14,"column":25}},"loc":{"start":{"line":14,"column":42},"end":{"line":20,"column":3}}}},"branchMap":{"0":{"loc":{"start":{"line":5,"column":4},"end":{"line":7,"column":5}},"type":"if","locations":[{"start":{"line":5,"column":4},"end":{"line":7,"column":5}}]},"1":{"loc":{"start":{"line":15,"column":4},"end":{"line":17,"column":5}},"type":"if","locations":[{"start":{"line":15,"column":4},"end":{"line":17,"column":5}}]},"2":{"loc":{"start":{"line":15,"column":8},"end":{"line":15,"column":36}},"type":"binary-expr","locations":[{"start":{"line":15,"column":8},"end":{"line":15,"column":20}},{"start":{"line":15,"column":24},"end":{"line":15,"column":36}}]}},"s":{"0":12,"1":39,"2":39,"3":1,"4":29,"5":3,"6":2,"7":1,"8":1,"9":12},"f":{"0":39,"1":29,"2":3},"b":{"0":[1],"1":[2],"2":[3,2]}}
,"/Users/rafaelcavalcante/swe/8SOAT/tech-challenge-fase-4-products/src/infrastructure/controllers/product-controller.ts": {"path":"/Users/rafaelcavalcante/swe/8SOAT/tech-challenge-fase-4-products/src/infrastructure/controllers/product-controller.ts","statementMap":{"0":{"start":{"line":10,"column":0},"end":{"line":10,"column":61}},"1":{"start":{"line":25,"column":31},"end":{"line":25,"column":67}},"2":{"start":{"line":28,"column":18},"end":{"line":28,"column":52}},"3":{"start":{"line":29,"column":19},"end":{"line":29,"column":65}},"4":{"start":{"line":30,"column":4},"end":{"line":33,"column":null}},"5":{"start":{"line":24,"column":0},"end":{"line":24,"column":13}},"6":{"start":{"line":38,"column":31},"end":{"line":38,"column":67}},"7":{"start":{"line":41,"column":19},"end":{"line":41,"column":51}},"8":{"start":{"line":42,"column":4},"end":{"line":42,"column":null}},"9":{"start":{"line":43,"column":4},"end":{"line":46,"column":null}},"10":{"start":{"line":37,"column":0},"end":{"line":37,"column":13}},"11":{"start":{"line":51,"column":31},"end":{"line":51,"column":67}},"12":{"start":{"line":54,"column":19},"end":{"line":54,"column":51}},"13":{"start":{"line":55,"column":17},"end":{"line":55,"column":60}},"14":{"start":{"line":56,"column":38},"end":{"line":56,"column":64}},"15":{"start":{"line":57,"column":19},"end":{"line":57,"column":65}},"16":{"start":{"line":58,"column":4},"end":{"line":61,"column":null}},"17":{"start":{"line":50,"column":0},"end":{"line":50,"column":13}},"18":{"start":{"line":66,"column":31},"end":{"line":66,"column":85}},"19":{"start":{"line":69,"column":25},"end":{"line":69,"column":39}},"20":{"start":{"line":70,"column":19},"end":{"line":70,"column":77}},"21":{"start":{"line":71,"column":4},"end":{"line":74,"column":null}},"22":{"start":{"line":73,"column":36},"end":{"line":73,"column":52}},"23":{"start":{"line":65,"column":0},"end":{"line":65,"column":13}},"24":{"start":{"line":79,"column":31},"end":{"line":79,"column":63}},"25":{"start":{"line":82,"column":19},"end":{"line":82,"column":51}},"26":{"start":{"line":83,"column":19},"end":{"line":85,"column":6}},"27":{"start":{"line":86,"column":4},"end":{"line":89,"column":null}},"28":{"start":{"line":78,"column":0},"end":{"line":78,"column":13}}},"fnMap":{"0":{"name":"(anonymous_0)","decl":{"start":{"line":25,"column":2},"end":{"line":25,"column":31}},"loc":{"start":{"line":25,"column":67},"end":{"line":25,"column":71}}},"1":{"name":"(anonymous_1)","decl":{"start":{"line":27,"column":2},"end":{"line":27,"column":7}},"loc":{"start":{"line":27,"column":35},"end":{"line":34,"column":3}}},"2":{"name":"(anonymous_2)","decl":{"start":{"line":38,"column":2},"end":{"line":38,"column":31}},"loc":{"start":{"line":38,"column":67},"end":{"line":38,"column":71}}},"3":{"name":"(anonymous_3)","decl":{"start":{"line":40,"column":2},"end":{"line":40,"column":7}},"loc":{"start":{"line":40,"column":35},"end":{"line":47,"column":3}}},"4":{"name":"(anonymous_4)","decl":{"start":{"line":51,"column":2},"end":{"line":51,"column":31}},"loc":{"start":{"line":51,"column":67},"end":{"line":51,"column":71}}},"5":{"name":"(anonymous_5)","decl":{"start":{"line":53,"column":2},"end":{"line":53,"column":7}},"loc":{"start":{"line":53,"column":35},"end":{"line":62,"column":3}}},"6":{"name":"(anonymous_6)","decl":{"start":{"line":66,"column":2},"end":{"line":66,"column":31}},"loc":{"start":{"line":66,"column":85},"end":{"line":66,"column":89}}},"7":{"name":"(anonymous_7)","decl":{"start":{"line":68,"column":2},"end":{"line":68,"column":7}},"loc":{"start":{"line":68,"column":78},"end":{"line":75,"column":3}}},"8":{"name":"(anonymous_8)","decl":{"start":{"line":73,"column":23},"end":{"line":73,"column":24}},"loc":{"start":{"line":73,"column":36},"end":{"line":73,"column":52}}},"9":{"name":"(anonymous_9)","decl":{"start":{"line":79,"column":2},"end":{"line":79,"column":31}},"loc":{"start":{"line":79,"column":63},"end":{"line":79,"column":67}}},"10":{"name":"(anonymous_10)","decl":{"start":{"line":81,"column":2},"end":{"line":81,"column":7}},"loc":{"start":{"line":81,"column":35},"end":{"line":90,"column":3}}}},"branchMap":{},"s":{"0":5,"1":3,"2":3,"3":3,"4":3,"5":5,"6":2,"7":2,"8":2,"9":2,"10":5,"11":2,"12":2,"13":2,"14":2,"15":2,"16":2,"17":5,"18":3,"19":3,"20":3,"21":3,"22":3,"23":5,"24":2,"25":2,"26":2,"27":2,"28":5},"f":{"0":3,"1":3,"2":2,"3":2,"4":2,"5":2,"6":3,"7":3,"8":3,"9":2,"10":2},"b":{}}
,"/Users/rafaelcavalcante/swe/8SOAT/tech-challenge-fase-4-products/src/infrastructure/database/mongo-connection.ts": {"path":"/Users/rafaelcavalcante/swe/8SOAT/tech-challenge-fase-4-products/src/infrastructure/database/mongo-connection.ts","statementMap":{"0":{"start":{"line":1,"column":0},"end":{"line":1,"column":69}},"1":{"start":{"line":8,"column":4},"end":{"line":10,"column":5}},"2":{"start":{"line":9,"column":6},"end":{"line":9,"column":null}},"3":{"start":{"line":11,"column":4},"end":{"line":11,"column":null}},"4":{"start":{"line":15,"column":4},"end":{"line":15,"column":null}},"5":{"start":{"line":19,"column":4},"end":{"line":19,"column":null}},"6":{"start":{"line":23,"column":4},"end":{"line":23,"column":null}},"7":{"start":{"line":27,"column":38},"end":{"line":27,"column":42}},"8":{"start":{"line":28,"column":4},"end":{"line":28,"column":null}},"9":{"start":{"line":32,"column":4},"end":{"line":32,"column":null}},"10":{"start":{"line":32,"column":30},"end":{"line":32,"column":44}},"11":{"start":{"line":3,"column":0},"end":{"line":3,"column":13}}},"fnMap":{"0":{"name":"(anonymous_0)","decl":{"start":{"line":7,"column":2},"end":{"line":7,"column":8}},"loc":{"start":{"line":7,"column":20},"end":{"line":12,"column":3}}},"1":{"name":"(anonymous_1)","decl":{"start":{"line":14,"column":2},"end":{"line":14,"column":7}},"loc":{"start":{"line":14,"column":12},"end":{"line":16,"column":3}}},"2":{"name":"(anonymous_2)","decl":{"start":{"line":18,"column":2},"end":{"line":18,"column":7}},"loc":{"start":{"line":18,"column":13},"end":{"line":20,"column":3}}},"3":{"name":"(anonymous_3)","decl":{"start":{"line":22,"column":2},"end":{"line":22,"column":15}},"loc":{"start":{"line":22,"column":48},"end":{"line":24,"column":3}}},"4":{"name":"(anonymous_4)","decl":{"start":{"line":26,"column":2},"end":{"line":26,"column":5}},"loc":{"start":{"line":26,"column":15},"end":{"line":29,"column":3}}},"5":{"name":"(anonymous_5)","decl":{"start":{"line":31,"column":2},"end":{"line":31,"column":15}},"loc":{"start":{"line":31,"column":27},"end":{"line":33,"column":3}}},"6":{"name":"(anonymous_6)","decl":{"start":{"line":32,"column":20},"end":{"line":32,"column":21}},"loc":{"start":{"line":32,"column":30},"end":{"line":32,"column":44}}}},"branchMap":{"0":{"loc":{"start":{"line":8,"column":4},"end":{"line":10,"column":5}},"type":"if","locations":[{"start":{"line":8,"column":4},"end":{"line":10,"column":5}}]}},"s":{"0":1,"1":7,"2":5,"3":7,"4":2,"5":1,"6":1,"7":3,"8":3,"9":1,"10":2,"11":1},"f":{"0":7,"1":2,"2":1,"3":1,"4":3,"5":1,"6":2},"b":{"0":[5]}}
,"/Users/rafaelcavalcante/swe/8SOAT/tech-challenge-fase-4-products/src/infrastructure/http/error-handler.ts": {"path":"/Users/rafaelcavalcante/swe/8SOAT/tech-challenge-fase-4-products/src/infrastructure/http/error-handler.ts","statementMap":{"0":{"start":{"line":1,"column":0},"end":{"line":1,"column":61}},"1":{"start":{"line":2,"column":0},"end":{"line":2,"column":112}},"2":{"start":{"line":3,"column":0},"end":{"line":3,"column":43}},"3":{"start":{"line":8,"column":4},"end":{"line":10,"column":5}},"4":{"start":{"line":9,"column":6},"end":{"line":9,"column":null}},"5":{"start":{"line":12,"column":4},"end":{"line":14,"column":5}},"6":{"start":{"line":13,"column":6},"end":{"line":13,"column":null}},"7":{"start":{"line":16,"column":4},"end":{"line":22,"column":5}},"8":{"start":{"line":17,"column":6},"end":{"line":21,"column":null}},"9":{"start":{"line":24,"column":4},"end":{"line":26,"column":5}},"10":{"start":{"line":25,"column":6},"end":{"line":25,"column":null}},"11":{"start":{"line":28,"column":4},"end":{"line":30,"column":5}},"12":{"start":{"line":29,"column":6},"end":{"line":29,"column":null}},"13":{"start":{"line":32,"column":4},"end":{"line":34,"column":5}},"14":{"start":{"line":33,"column":6},"end":{"line":33,"column":null}},"15":{"start":{"line":36,"column":4},"end":{"line":40,"column":null}},"16":{"start":{"line":44,"column":4},"end":{"line":52,"column":null}},"17":{"start":{"line":6,"column":0},"end":{"line":6,"column":13}}},"fnMap":{"0":{"name":"(anonymous_0)","decl":{"start":{"line":7,"column":2},"end":{"line":7,"column":8}},"loc":{"start":{"line":7,"column":23},"end":{"line":41,"column":3}}},"1":{"name":"(anonymous_1)","decl":{"start":{"line":43,"column":10},"end":{"line":43,"column":29}},"loc":{"start":{"line":43,"column":79},"end":{"line":53,"column":3}}}},"branchMap":{"0":{"loc":{"start":{"line":8,"column":4},"end":{"line":10,"column":5}},"type":"if","locations":[{"start":{"line":8,"column":4},"end":{"line":10,"column":5}}]},"1":{"loc":{"start":{"line":12,"column":4},"end":{"line":14,"column":5}},"type":"if","locations":[{"start":{"line":12,"column":4},"end":{"line":14,"column":5}}]},"2":{"loc":{"start":{"line":16,"column":4},"end":{"line":22,"column":5}},"type":"if","locations":[{"start":{"line":16,"column":4},"end":{"line":22,"column":5}}]},"3":{"loc":{"start":{"line":16,"column":8},"end":{"line":16,"column":95}},"type":"binary-expr","locations":[{"start":{"line":16,"column":8},"end":{"line":16,"column":33}},{"start":{"line":16,"column":38},"end":{"line":16,"column":95}}]},"4":{"loc":{"start":{"line":19,"column":9},"end":{"line":19,"column":69}},"type":"binary-expr","locations":[{"start":{"line":19,"column":9},"end":{"line":19,"column":47}},{"start":{"line":19,"column":51},"end":{"line":19,"column":69}}]},"5":{"loc":{"start":{"line":24,"column":4},"end":{"line":26,"column":5}},"type":"if","locations":[{"start":{"line":24,"column":4},"end":{"line":26,"column":5}}]},"6":{"loc":{"start":{"line":28,"column":4},"end":{"line":30,"column":5}},"type":"if","locations":[{"start":{"line":28,"column":4},"end":{"line":30,"column":5}}]},"7":{"loc":{"start":{"line":32,"column":4},"end":{"line":34,"column":5}},"type":"if","locations":[{"start":{"line":32,"column":4},"end":{"line":34,"column":5}}]},"8":{"loc":{"start":{"line":38,"column":7},"end":{"line":38,"column":65}},"type":"binary-expr","locations":[{"start":{"line":38,"column":7},"end":{"line":38,"column":30}},{"start":{"line":38,"column":34},"end":{"line":38,"column":65}}]}},"s":{"0":2,"1":2,"2":2,"3":8,"4":1,"5":7,"6":1,"7":6,"8":1,"9":5,"10":1,"11":4,"12":1,"13":3,"14":1,"15":2,"16":8,"17":2},"f":{"0":8,"1":8},"b":{"0":[1],"1":[1],"2":[1],"3":[6,6],"4":[1,0],"5":[1],"6":[1],"7":[1],"8":[2,1]}}
,"/Users/rafaelcavalcante/swe/8SOAT/tech-challenge-fase-4-products/src/infrastructure/http/helper.ts": {"path":"/Users/rafaelcavalcante/swe/8SOAT/tech-challenge-fase-4-products/src/infrastructure/http/helper.ts","statementMap":{"0":{"start":{"line":1,"column":0},"end":{"line":1,"column":null}},"1":{"start":{"line":2,"column":2},"end":{"line":2,"column":null}},"2":{"start":{"line":3,"column":2},"end":{"line":3,"column":null}},"3":{"start":{"line":4,"column":2},"end":{"line":4,"column":null}},"4":{"start":{"line":5,"column":2},"end":{"line":5,"column":null}},"5":{"start":{"line":6,"column":2},"end":{"line":6,"column":null}},"6":{"start":{"line":7,"column":2},"end":{"line":7,"column":null}},"7":{"start":{"line":8,"column":2},"end":{"line":8,"column":null}},"8":{"start":{"line":9,"column":2},"end":{"line":9,"column":null}},"9":{"start":{"line":10,"column":2},"end":{"line":10,"column":null}},"10":{"start":{"line":11,"column":2},"end":{"line":11,"column":null}}},"fnMap":{"0":{"name":"(anonymous_0)","decl":{"start":{"line":1,"column":0},"end":{"line":1,"column":12}},"loc":{"start":{"line":1,"column":26},"end":{"line":12,"column":1}}}},"branchMap":{"0":{"loc":{"start":{"line":1,"column":12},"end":{"line":1,"column":null}},"type":"binary-expr","locations":[{"start":{"line":1,"column":12},"end":{"line":1,"column":26}},{"start":{"line":1,"column":26},"end":{"line":1,"column":null}}]}},"s":{"0":7,"1":7,"2":7,"3":7,"4":7,"5":7,"6":7,"7":7,"8":7,"9":7,"10":7},"f":{"0":7},"b":{"0":[7,7]}}
,"/Users/rafaelcavalcante/swe/8SOAT/tech-challenge-fase-4-products/src/infrastructure/http/fastify/adapter.ts": {"path":"/Users/rafaelcavalcante/swe/8SOAT/tech-challenge-fase-4-products/src/infrastructure/http/fastify/adapter.ts","statementMap":{"0":{"start":{"line":3,"column":0},"end":{"line":3,"column":70}},"1":{"start":{"line":5,"column":33},"end":{"line":11,"column":1}},"2":{"start":{"line":6,"column":2},"end":{"line":6,"column":null}},"3":{"start":{"line":8,"column":27},"end":{"line":8,"column":49}},"4":{"start":{"line":9,"column":23},"end":{"line":9,"column":53}},"5":{"start":{"line":10,"column":2},"end":{"line":10,"column":null}},"6":{"start":{"line":13,"column":33},"end":{"line":26,"column":1}},"7":{"start":{"line":14,"column":2},"end":{"line":25,"column":null}},"8":{"start":{"line":15,"column":4},"end":{"line":24,"column":5}},"9":{"start":{"line":16,"column":27},"end":{"line":20,"column":8}},"10":{"start":{"line":21,"column":6},"end":{"line":21,"column":null}},"11":{"start":{"line":23,"column":6},"end":{"line":23,"column":null}},"12":{"start":{"line":13,"column":13},"end":{"line":13,"column":33}}},"fnMap":{"0":{"name":"(anonymous_0)","decl":{"start":{"line":5,"column":33},"end":{"line":5,"column":34}},"loc":{"start":{"line":5,"column":112},"end":{"line":11,"column":1}}},"1":{"name":"(anonymous_1)","decl":{"start":{"line":13,"column":33},"end":{"line":13,"column":34}},"loc":{"start":{"line":13,"column":80},"end":{"line":26,"column":1}}},"2":{"name":"(anonymous_2)","decl":{"start":{"line":14,"column":9},"end":{"line":14,"column":14}},"loc":{"start":{"line":14,"column":34},"end":{"line":25,"column":3}}}},"branchMap":{},"s":{"0":1,"1":1,"2":0,"3":0,"4":0,"5":0,"6":1,"7":1,"8":0,"9":0,"10":0,"11":0,"12":1},"f":{"0":0,"1":1,"2":0},"b":{}}
,"/Users/rafaelcavalcante/swe/8SOAT/tech-challenge-fase-4-products/src/infrastructure/http/fastify/server.ts": {"path":"/Users/rafaelcavalcante/swe/8SOAT/tech-challenge-fase-4-products/src/infrastructure/http/fastify/server.ts","statementMap":{"0":{"start":{"line":1,"column":0},"end":{"line":1,"column":55}},"1":{"start":{"line":2,"column":0},"end":{"line":2,"column":45}},"2":{"start":{"line":3,"column":0},"end":{"line":3,"column":50}},"3":{"start":{"line":4,"column":0},"end":{"line":4,"column":67}},"4":{"start":{"line":5,"column":0},"end":{"line":5,"column":60}},"5":{"start":{"line":7,"column":0},"end":{"line":7,"column":45}},"6":{"start":{"line":13,"column":4},"end":{"line":23,"column":null}},"7":{"start":{"line":27,"column":19},"end":{"line":27,"column":37}},"8":{"start":{"line":28,"column":22},"end":{"line":28,"column":33}},"9":{"start":{"line":29,"column":4},"end":{"line":35,"column":5}},"10":{"start":{"line":30,"column":6},"end":{"line":34,"column":null}},"11":{"start":{"line":39,"column":4},"end":{"line":45,"column":null}},"12":{"start":{"line":49,"column":4},"end":{"line":49,"column":null}},"13":{"start":{"line":50,"column":4},"end":{"line":50,"column":null}},"14":{"start":{"line":51,"column":4},"end":{"line":51,"column":null}},"15":{"start":{"line":52,"column":4},"end":{"line":52,"column":null}},"16":{"start":{"line":9,"column":0},"end":{"line":9,"column":13}}},"fnMap":{"0":{"name":"(anonymous_1)","decl":{"start":{"line":12,"column":2},"end":{"line":12,"column":null}},"loc":{"start":{"line":12,"column":2},"end":{"line":24,"column":3}}},"1":{"name":"(anonymous_2)","decl":{"start":{"line":26,"column":10},"end":{"line":26,"column":15}},"loc":{"start":{"line":26,"column":27},"end":{"line":36,"column":3}}},"2":{"name":"(anonymous_3)","decl":{"start":{"line":38,"column":10},"end":{"line":38,"column":15}},"loc":{"start":{"line":38,"column":25},"end":{"line":46,"column":3}}},"3":{"name":"(anonymous_4)","decl":{"start":{"line":48,"column":2},"end":{"line":48,"column":7}},"loc":{"start":{"line":48,"column":27},"end":{"line":53,"column":3}}}},"branchMap":{"0":{"loc":{"start":{"line":15,"column":8},"end":{"line":22,"column":16}},"type":"cond-expr","locations":[{"start":{"line":16,"column":12},"end":{"line":21,"column":null}},{"start":{"line":22,"column":12},"end":{"line":22,"column":16}}]}},"s":{"0":1,"1":1,"2":1,"3":1,"4":1,"5":1,"6":1,"7":1,"8":1,"9":1,"10":1,"11":1,"12":1,"13":1,"14":1,"15":1,"16":1},"f":{"0":1,"1":1,"2":1,"3":1},"b":{"0":[0,1]}}
,"/Users/rafaelcavalcante/swe/8SOAT/tech-challenge-fase-4-products/src/infrastructure/http/routes/product-routes.ts": {"path":"/Users/rafaelcavalcante/swe/8SOAT/tech-challenge-fase-4-products/src/infrastructure/http/routes/product-routes.ts","statementMap":{"0":{"start":{"line":1,"column":0},"end":{"line":1,"column":null}},"1":{"start":{"line":8,"column":0},"end":{"line":8,"column":43}},"2":{"start":{"line":9,"column":0},"end":{"line":9,"column":84}},"3":{"start":{"line":10,"column":0},"end":{"line":10,"column":96}},"4":{"start":{"line":13,"column":13},"end":{"line":130,"column":null}}},"fnMap":{},"branchMap":{},"s":{"0":0,"1":0,"2":0,"3":0,"4":0},"f":{},"b":{}}
,"/Users/rafaelcavalcante/swe/8SOAT/tech-challenge-fase-4-products/src/infrastructure/repository/product-repository.ts": {"path":"/Users/rafaelcavalcante/swe/8SOAT/tech-challenge-fase-4-products/src/infrastructure/repository/product-repository.ts","statementMap":{"0":{"start":{"line":2,"column":0},"end":{"line":2,"column":43}},"1":{"start":{"line":15,"column":36},"end":{"line":15,"column":46}},"2":{"start":{"line":17,"column":31},"end":{"line":17,"column":68}},"3":{"start":{"line":20,"column":31},"end":{"line":20,"column":89}},"4":{"start":{"line":21,"column":4},"end":{"line":27,"column":null}},"5":{"start":{"line":31,"column":31},"end":{"line":31,"column":89}},"6":{"start":{"line":32,"column":4},"end":{"line":32,"column":null}},"7":{"start":{"line":36,"column":31},"end":{"line":36,"column":106}},"8":{"start":{"line":37,"column":19},"end":{"line":37,"column":71}},"9":{"start":{"line":38,"column":4},"end":{"line":38,"column":null}},"10":{"start":{"line":38,"column":17},"end":{"line":38,"column":null}},"11":{"start":{"line":39,"column":4},"end":{"line":39,"column":null}},"12":{"start":{"line":43,"column":31},"end":{"line":43,"column":89}},"13":{"start":{"line":44,"column":4},"end":{"line":52,"column":null}},"14":{"start":{"line":56,"column":31},"end":{"line":56,"column":106}},"15":{"start":{"line":57,"column":20},"end":{"line":61,"column":16}},"16":{"start":{"line":62,"column":4},"end":{"line":64,"column":null}},"17":{"start":{"line":63,"column":6},"end":{"line":63,"column":105}},"18":{"start":{"line":14,"column":0},"end":{"line":14,"column":13}}},"fnMap":{"0":{"name":"(anonymous_0)","decl":{"start":{"line":17,"column":2},"end":{"line":17,"column":31}},"loc":{"start":{"line":17,"column":68},"end":{"line":17,"column":72}}},"1":{"name":"(anonymous_1)","decl":{"start":{"line":19,"column":2},"end":{"line":19,"column":7}},"loc":{"start":{"line":19,"column":29},"end":{"line":28,"column":3}}},"2":{"name":"(anonymous_2)","decl":{"start":{"line":30,"column":2},"end":{"line":30,"column":7}},"loc":{"start":{"line":30,"column":32},"end":{"line":33,"column":3}}},"3":{"name":"(anonymous_3)","decl":{"start":{"line":35,"column":2},"end":{"line":35,"column":7}},"loc":{"start":{"line":35,"column":27},"end":{"line":40,"column":3}}},"4":{"name":"(anonymous_4)","decl":{"start":{"line":42,"column":2},"end":{"line":42,"column":7}},"loc":{"start":{"line":42,"column":31},"end":{"line":53,"column":3}}},"5":{"name":"(anonymous_5)","decl":{"start":{"line":55,"column":2},"end":{"line":55,"column":7}},"loc":{"start":{"line":55,"column":39},"end":{"line":65,"column":3}}},"6":{"name":"(anonymous_6)","decl":{"start":{"line":62,"column":23},"end":{"line":62,"column":24}},"loc":{"start":{"line":63,"column":6},"end":{"line":63,"column":105}}}},"branchMap":{"0":{"loc":{"start":{"line":38,"column":4},"end":{"line":38,"column":null}},"type":"if","locations":[{"start":{"line":38,"column":4},"end":{"line":38,"column":null}}]}},"s":{"0":1,"1":1,"2":1,"3":1,"4":1,"5":1,"6":1,"7":2,"8":2,"9":2,"10":1,"11":1,"12":1,"13":1,"14":1,"15":1,"16":1,"17":2,"18":1},"f":{"0":1,"1":1,"2":1,"3":2,"4":1,"5":1,"6":2},"b":{"0":[1]}}
}
