TN:
SF:src/main.ts
FN:10,(anonymous_0)
FN:13,(anonymous_1)
FNF:2
FNH:0
FNDA:0,(anonymous_0)
FNDA:0,(anonymous_1)
DA:1,0
DA:2,0
DA:3,0
DA:4,0
DA:6,0
DA:8,0
DA:11,0
DA:14,0
LF:8
LH:0
BRDA:11,0,0,0
BRDA:11,0,1,0
BRF:2
BRH:0
end_of_record
TN:
SF:src/application/usecases/product/create-product.ts
FN:17,(anonymous_0)
FN:19,(anonymous_1)
FNF:2
FNH:2
FNDA:3,(anonymous_0)
FNDA:3,(anonymous_1)
DA:2,5
DA:16,5
DA:17,3
DA:20,3
DA:21,3
DA:22,3
DA:23,2
LF:7
LH:7
BRF:0
BRH:0
end_of_record
TN:
SF:src/application/usecases/product/delete-product.ts
FN:9,(anonymous_0)
FN:11,(anonymous_1)
FNF:2
FNH:2
FNDA:3,(anonymous_0)
FNDA:3,(anonymous_1)
DA:2,5
DA:8,5
DA:9,3
DA:12,3
DA:13,3
DA:14,2
LF:6
LH:6
BRDA:13,0,0,1
BRF:1
BRH:1
end_of_record
TN:
SF:src/application/usecases/product/find-product.ts
FN:14,(anonymous_0)
FN:16,(anonymous_1)
FNF:2
FNH:2
FNDA:4,(anonymous_0)
FNDA:4,(anonymous_1)
DA:3,5
DA:13,5
DA:14,4
DA:17,4
DA:18,3
DA:19,1
DA:21,2
LF:7
LH:7
BRDA:18,0,0,1
BRF:1
BRH:1
end_of_record
TN:
SF:src/application/usecases/product/load-products-by-category.ts
FN:10,(anonymous_0)
FN:12,(anonymous_1)
FNF:2
FNH:2
FNDA:4,(anonymous_0)
FNDA:4,(anonymous_1)
DA:9,5
DA:10,4
DA:13,4
LF:3
LH:3
BRF:0
BRH:0
end_of_record
TN:
SF:src/application/usecases/product/update-product.ts
FN:18,(anonymous_0)
FN:20,(anonymous_1)
FNF:2
FNH:2
FNDA:10,(anonymous_0)
FNDA:10,(anonymous_1)
DA:4,5
DA:17,5
DA:18,10
DA:21,10
DA:22,10
DA:23,9
DA:24,8
DA:25,8
DA:26,8
DA:27,8
DA:28,8
DA:29,7
LF:12
LH:12
BRDA:23,0,0,1
BRDA:24,1,0,5
BRDA:25,2,0,5
BRDA:26,3,0,5
BRDA:27,4,0,5
BRF:5
BRH:5
end_of_record
TN:
SF:src/domain/entities/product.ts
FN:6,(anonymous_0)
FN:14,(anonymous_1)
FN:19,(anonymous_2)
FN:23,(anonymous_3)
FN:27,(anonymous_4)
FN:29,(anonymous_5)
FN:31,(anonymous_6)
FN:33,(anonymous_7)
FN:35,(anonymous_8)
FN:39,(anonymous_9)
FN:43,(anonymous_10)
FN:47,(anonymous_11)
FNF:12
FNH:12
FNDA:26,(anonymous_0)
FNDA:21,(anonymous_1)
FNDA:5,(anonymous_2)
FNDA:6,(anonymous_3)
FNDA:17,(anonymous_4)
FNDA:20,(anonymous_5)
FNDA:26,(anonymous_6)
FNDA:15,(anonymous_7)
FNDA:6,(anonymous_8)
FNDA:6,(anonymous_9)
FNDA:6,(anonymous_10)
FNDA:11,(anonymous_11)
DA:1,11
DA:2,11
DA:5,11
DA:7,26
DA:8,26
DA:9,26
DA:10,26
DA:11,26
DA:15,21
DA:16,21
DA:20,5
DA:23,26
DA:24,6
DA:27,26
DA:29,26
DA:31,26
DA:33,26
DA:35,26
DA:36,6
DA:39,26
DA:40,6
DA:43,26
DA:44,6
DA:48,11
LF:24
LH:24
BRF:0
BRH:0
end_of_record
TN:
SF:src/domain/enums/error-codes.ts
FN:1,(anonymous_0)
FNF:1
FNH:1
FNDA:15,(anonymous_0)
DA:1,15
DA:2,15
DA:3,15
DA:4,15
DA:5,15
DA:6,15
DA:7,15
DA:8,15
DA:9,15
DA:10,15
LF:10
LH:10
BRDA:1,0,0,15
BRDA:1,0,1,15
BRF:2
BRH:2
end_of_record
TN:
SF:src/domain/enums/order-status.ts
FN:1,(anonymous_0)
FNF:1
FNH:1
FNDA:15,(anonymous_0)
DA:1,15
DA:2,15
DA:3,15
DA:4,15
DA:5,15
DA:6,15
DA:7,15
LF:7
LH:7
BRDA:1,0,0,15
BRDA:1,0,1,15
BRF:2
BRH:2
end_of_record
TN:
SF:src/domain/enums/payment-status.ts
FN:1,(anonymous_0)
FNF:1
FNH:1
FNDA:15,(anonymous_0)
DA:1,15
DA:2,15
DA:3,15
DA:4,15
LF:4
LH:4
BRDA:1,0,0,15
BRDA:1,0,1,15
BRF:2
BRH:2
end_of_record
TN:
SF:src/domain/enums/product-category.ts
FN:1,(anonymous_0)
FNF:1
FNH:1
FNDA:15,(anonymous_0)
DA:1,15
DA:2,15
DA:3,15
DA:4,15
DA:5,15
LF:5
LH:5
BRDA:1,0,0,15
BRDA:1,0,1,15
BRF:2
BRH:2
end_of_record
TN:
SF:src/domain/errors/conflict-error.ts
FN:6,(anonymous_0)
FNF:1
FNH:1
FNDA:1,(anonymous_0)
DA:1,11
DA:3,11
DA:7,1
DA:8,1
DA:9,1
LF:5
LH:5
BRF:0
BRH:0
end_of_record
TN:
SF:src/domain/errors/domain-error.ts
FN:6,(anonymous_0)
FNF:1
FNH:1
FNDA:1,(anonymous_0)
DA:1,11
DA:3,11
DA:7,1
DA:8,1
DA:9,1
LF:5
LH:5
BRF:0
BRH:0
end_of_record
TN:
SF:src/domain/errors/external-api-error.ts
FN:9,(anonymous_0)
FNF:1
FNH:1
FNDA:1,(anonymous_0)
DA:1,11
DA:3,11
DA:10,1
DA:11,1
DA:12,1
DA:13,1
DA:14,1
DA:15,1
LF:8
LH:8
BRF:0
BRH:0
end_of_record
TN:
SF:src/domain/errors/invalid-param-error.ts
FN:6,(anonymous_0)
FNF:1
FNH:1
FNDA:6,(anonymous_0)
DA:1,15
DA:3,15
DA:7,6
DA:8,6
DA:9,6
LF:5
LH:5
BRF:0
BRH:0
end_of_record
TN:
SF:src/domain/errors/not-found-error.ts
FN:6,(anonymous_0)
FNF:1
FNH:1
FNDA:5,(anonymous_0)
DA:1,11
DA:3,11
DA:7,5
DA:8,5
DA:9,5
LF:5
LH:5
BRF:0
BRH:0
end_of_record
TN:
SF:src/domain/value-objects/price.ts
FN:4,(anonymous_0)
FN:10,(anonymous_1)
FN:14,(anonymous_2)
FNF:3
FNH:3
FNDA:39,(anonymous_0)
FNDA:29,(anonymous_1)
FNDA:3,(anonymous_2)
DA:1,12
DA:3,12
DA:4,39
DA:5,39
DA:6,1
DA:11,29
DA:15,3
DA:16,2
DA:18,1
DA:19,1
LF:10
LH:10
BRDA:5,0,0,1
BRDA:15,1,0,2
BRDA:15,2,0,3
BRDA:15,2,1,2
BRF:4
BRH:4
end_of_record
TN:
SF:src/infrastructure/controllers/product-controller.ts
FN:25,(anonymous_0)
FN:27,(anonymous_1)
FN:38,(anonymous_2)
FN:40,(anonymous_3)
FN:51,(anonymous_4)
FN:53,(anonymous_5)
FN:66,(anonymous_6)
FN:68,(anonymous_7)
FN:73,(anonymous_8)
FN:79,(anonymous_9)
FN:81,(anonymous_10)
FNF:11
FNH:11
FNDA:3,(anonymous_0)
FNDA:3,(anonymous_1)
FNDA:2,(anonymous_2)
FNDA:2,(anonymous_3)
FNDA:2,(anonymous_4)
FNDA:2,(anonymous_5)
FNDA:3,(anonymous_6)
FNDA:3,(anonymous_7)
FNDA:3,(anonymous_8)
FNDA:2,(anonymous_9)
FNDA:2,(anonymous_10)
DA:10,5
DA:24,5
DA:25,3
DA:28,3
DA:29,3
DA:30,3
DA:37,5
DA:38,2
DA:41,2
DA:42,2
DA:43,2
DA:50,5
DA:51,2
DA:54,2
DA:55,2
DA:56,2
DA:57,2
DA:58,2
DA:65,5
DA:66,3
DA:69,3
DA:70,3
DA:71,3
DA:73,3
DA:78,5
DA:79,2
DA:82,2
DA:83,2
DA:86,2
LF:29
LH:29
BRF:0
BRH:0
end_of_record
TN:
SF:src/infrastructure/database/mongo-connection.ts
FN:7,(anonymous_0)
FN:14,(anonymous_1)
FN:18,(anonymous_2)
FN:22,(anonymous_3)
FN:26,(anonymous_4)
FN:31,(anonymous_5)
FN:32,(anonymous_6)
FNF:7
FNH:7
FNDA:7,(anonymous_0)
FNDA:2,(anonymous_1)
FNDA:1,(anonymous_2)
FNDA:1,(anonymous_3)
FNDA:3,(anonymous_4)
FNDA:1,(anonymous_5)
FNDA:2,(anonymous_6)
DA:1,1
DA:3,1
DA:8,7
DA:9,5
DA:11,7
DA:15,2
DA:19,1
DA:23,1
DA:27,3
DA:28,3
DA:32,2
LF:11
LH:11
BRDA:8,0,0,5
BRF:1
BRH:1
end_of_record
TN:
SF:src/infrastructure/http/error-handler.ts
FN:7,(anonymous_0)
FN:43,(anonymous_1)
FNF:2
FNH:2
FNDA:8,(anonymous_0)
FNDA:8,(anonymous_1)
DA:1,2
DA:2,2
DA:3,2
DA:6,2
DA:8,8
DA:9,1
DA:12,7
DA:13,1
DA:16,6
DA:17,1
DA:24,5
DA:25,1
DA:28,4
DA:29,1
DA:32,3
DA:33,1
DA:36,2
DA:44,8
LF:18
LH:18
BRDA:8,0,0,1
BRDA:12,1,0,1
BRDA:16,2,0,1
BRDA:16,3,0,6
BRDA:16,3,1,6
BRDA:19,4,0,1
BRDA:19,4,1,0
BRDA:24,5,0,1
BRDA:28,6,0,1
BRDA:32,7,0,1
BRDA:38,8,0,2
BRDA:38,8,1,1
BRF:12
BRH:11
end_of_record
TN:
SF:src/infrastructure/http/helper.ts
FN:1,(anonymous_0)
FNF:1
FNH:1
FNDA:7,(anonymous_0)
DA:1,7
DA:2,7
DA:3,7
DA:4,7
DA:5,7
DA:6,7
DA:7,7
DA:8,7
DA:9,7
DA:10,7
DA:11,7
LF:11
LH:11
BRDA:1,0,0,7
BRDA:1,0,1,7
BRF:2
BRH:2
end_of_record
TN:
SF:src/infrastructure/http/fastify/adapter.ts
FN:5,(anonymous_0)
FN:13,(anonymous_1)
FN:14,(anonymous_2)
FNF:3
FNH:1
FNDA:0,(anonymous_0)
FNDA:1,(anonymous_1)
FNDA:0,(anonymous_2)
DA:3,1
DA:5,1
DA:6,0
DA:8,0
DA:9,0
DA:10,0
DA:13,1
DA:14,1
DA:15,0
DA:16,0
DA:21,0
DA:23,0
LF:12
LH:4
BRF:0
BRH:0
end_of_record
TN:
SF:src/infrastructure/http/fastify/server.ts
FN:12,(anonymous_1)
FN:26,(anonymous_2)
FN:38,(anonymous_3)
FN:48,(anonymous_4)
FNF:4
FNH:4
FNDA:1,(anonymous_1)
FNDA:1,(anonymous_2)
FNDA:1,(anonymous_3)
FNDA:1,(anonymous_4)
DA:1,1
DA:2,1
DA:3,1
DA:4,1
DA:5,1
DA:7,1
DA:9,1
DA:13,1
DA:27,1
DA:28,1
DA:29,1
DA:30,1
DA:39,1
DA:49,1
DA:50,1
DA:51,1
DA:52,1
LF:17
LH:17
BRDA:15,0,0,0
BRDA:15,0,1,1
BRF:2
BRH:1
end_of_record
TN:
SF:src/infrastructure/http/routes/product-routes.ts
FNF:0
FNH:0
DA:1,0
DA:8,0
DA:9,0
DA:10,0
DA:13,0
LF:5
LH:0
BRF:0
BRH:0
end_of_record
TN:
SF:src/infrastructure/repository/product-repository.ts
FN:17,(anonymous_0)
FN:19,(anonymous_1)
FN:30,(anonymous_2)
FN:35,(anonymous_3)
FN:42,(anonymous_4)
FN:55,(anonymous_5)
FN:62,(anonymous_6)
FNF:7
FNH:7
FNDA:1,(anonymous_0)
FNDA:1,(anonymous_1)
FNDA:1,(anonymous_2)
FNDA:2,(anonymous_3)
FNDA:1,(anonymous_4)
FNDA:1,(anonymous_5)
FNDA:2,(anonymous_6)
DA:2,1
DA:14,1
DA:15,1
DA:17,1
DA:20,1
DA:21,1
DA:31,1
DA:32,1
DA:36,2
DA:37,2
DA:38,2
DA:39,1
DA:43,1
DA:44,1
DA:56,1
DA:57,1
DA:62,1
DA:63,2
LF:18
LH:18
BRDA:38,0,0,1
BRF:1
BRH:1
end_of_record
